
The process has been started at 12:28:58 08-Aug-23

 --- After opening and reading the JSON file, and creating the DatFrame
     the number of unique cars in the dataset has been printed at 12:28:58 08-Aug-23

 --- The average horse power of all the cars has been printed at 12:28:58 08-Aug-23

 --- The top 5 most heaviest cars has been printed at 12:28:58 08-Aug-23

 --- The number of cars made by each manufacturer has been printed at 12:28:58 08-Aug-23

 --- The number of cars made each year has been printed at 12:28:58 08-Aug-23

 --- The process of exporting data to CSV file has been completed at 12:28:58 08-Aug-23

The process has been started at 12:29:12 08-Aug-23

 --- After opening and reading the JSON file, and creating the DatFrame
     the number of unique cars in the dataset has been printed at 12:29:12 08-Aug-23

 --- The average horse power of all the cars has been printed at 12:29:12 08-Aug-23

 --- The top 5 most heaviest cars has been printed at 12:29:12 08-Aug-23

 --- The number of cars made by each manufacturer has been printed at 12:29:12 08-Aug-23

 --- The number of cars made each year has been printed at 12:29:12 08-Aug-23

 --- The process of exporting data to CSV file has been completed at 12:29:12 08-Aug-23

The process has been started at 12:29:49 08-Aug-23

 --- After opening and reading the JSON file, and creating the DatFrame
     the number of unique cars in the dataset has been printed at 12:29:49 08-Aug-23

 --- The average horse power of all the cars has been printed at 12:29:49 08-Aug-23

 --- The top 5 most heaviest cars has been printed at 12:29:49 08-Aug-23

 --- The number of cars made by each manufacturer has been printed at 12:29:49 08-Aug-23

 --- The number of cars made each year has been printed at 12:29:49 08-Aug-23

 --- The process of exporting data to CSV file has been completed at 12:29:49 08-Aug-23
